Using pre-set license
Built from '2020.2/release' branch; Version is '2020.2.2f1 (068178b99f32) revision 426360'; Using compiler version '192528614'; Build Type 'Release'
OS: 'Windows 10 Enterprise; OS build 18363.1316; Version 1909; 64bit' Language: 'en' Physical Memory: 32603 MB
BatchMode: 1, IsHumanControllingUs: 0, StartBugReporterOnCrash: 0, Is64bit: 1, IsPro: 0

 COMMAND LINE ARGUMENTS:
C:\Program Files\Unity\Editor\Unity.exe
-adb2
-batchMode
-noUpm
-name
AssetImportWorker0
-projectPath
E:/WORK/UNITY/11.02.2021
-logFile
Logs/AssetImportWorker0.log
-srvPort
63721
Successfully changed project path to: E:/WORK/UNITY/11.02.2021
E:/WORK/UNITY/11.02.2021
Using Asset Import Pipeline V2.
Refreshing native plugins compatible for Editor in 18.91 ms, found 0 plugins.
Preloading 0 native plugins for Editor in 0.00 ms.
Initialize engine version: 2020.2.2f1 (068178b99f32)
[Subsystems] Discovering subsystems at path C:/Program Files/Unity/Editor/Data/Resources/UnitySubsystems
[Subsystems] Discovering subsystems at path E:/WORK/UNITY/11.02.2021/Assets
GfxDevice: creating device client; threaded=0
Direct3D:
    Version:  Direct3D 11.0 [level 11.1]
    Renderer: NVIDIA Quadro P2000 (ID=0x1c30)
    Vendor:   
    VRAM:     5032 MB
    Driver:   26.21.14.4112
Initialize mono
Mono path[0] = 'C:/Program Files/Unity/Editor/Data/Managed'
Mono path[1] = 'C:/Program Files/Unity/Editor/Data/MonoBleedingEdge/lib/mono/unityjit'
Mono config path = 'C:/Program Files/Unity/Editor/Data/MonoBleedingEdge/etc'
Using monoOptions --debugger-agent=transport=dt_socket,embedding=1,server=y,suspend=n,address=127.0.0.1:56544
Begin MonoManager ReloadAssembly
Registering precompiled unity dll's ...
Register platform support module: C:/Program Files/Unity/Editor/Data/PlaybackEngines/WindowsStandaloneSupport/UnityEditor.WindowsStandalone.Extensions.dll
Registered in 0.001116 seconds.
Native extension for WindowsStandalone target not found
Refreshing native plugins compatible for Editor in 18.50 ms, found 0 plugins.
Preloading 0 native plugins for Editor in 0.00 ms.
Invoked RoslynAnalysisRunner static constructor.
RoslynAnalysisRunner will not be running.
RoslynAnalysisRunner has terminated.
Mono: successfully reloaded assembly
- Completed reload, in  0.741 seconds
Platform modules already initialized, skipping
Registering precompiled user dll's ...
Registered in 0.000436 seconds.
Begin MonoManager ReloadAssembly
Native extension for WindowsStandalone target not found
Refreshing native plugins compatible for Editor in 0.17 ms, found 0 plugins.
Preloading 0 native plugins for Editor in 0.00 ms.
Invoked RoslynAnalysisRunner static constructor.
RoslynAnalysisRunner will not be running.
RoslynAnalysisRunner has terminated.
Mono: successfully reloaded assembly
- Completed reload, in  0.676 seconds
Platform modules already initialized, skipping
========================================================================
Worker process is ready to serve import requests
Launched and connected shader compiler UnityShaderCompiler.exe after 0.04 seconds
Refreshing native plugins compatible for Editor in 0.32 ms, found 0 plugins.
Preloading 0 native plugins for Editor in 0.00 ms.
Unloading 1100 Unused Serialized files (Serialized files now loaded: 0)
System memory in use before: 56.6 MB.
System memory in use after: 56.7 MB.

Unloading 10 unused Assets to reduce memory usage. Loaded Objects now: 1541.
Total: 1.526600 ms (FindLiveObjects: 0.091500 ms CreateObjectMapping: 0.026600 ms MarkObjects: 1.341300 ms  DeleteObjects: 0.066400 ms)

========================================================================
Received Import Request.
  path: Assets/Lists Loops
  artifactKey: Guid(0c9bbb733a8cdc243a9bca34c4c7ce0c) Importer(815301076,1909f56bfc062723c751e8b465ee728b)
Start importing Assets/Lists Loops using Guid(0c9bbb733a8cdc243a9bca34c4c7ce0c) Importer(815301076,1909f56bfc062723c751e8b465ee728b)  -> (artifact id: '270bf342e64437515cfefcb3b1f6a6f0') in 0.028844 seconds
  Import took 0.030235 seconds .

========================================================================
Received Import Request.
  Time since last request: 12.852955 seconds.
  path: Assets/Lists Loops/Scenes
  artifactKey: Guid(a53ae163ad53004448c59552bf434e1c) Importer(815301076,1909f56bfc062723c751e8b465ee728b)
Start importing Assets/Lists Loops/Scenes using Guid(a53ae163ad53004448c59552bf434e1c) Importer(815301076,1909f56bfc062723c751e8b465ee728b)  -> (artifact id: 'c314f7ab7d5ef669e2b9574e9b3f96df') in 0.039357 seconds
  Import took 0.040857 seconds .

========================================================================
Received Import Request.
  Time since last request: 6.483098 seconds.
  path: Assets/Lists Loops/Scripts
  artifactKey: Guid(db44ec7902cdb834f8a1b58e913736ee) Importer(815301076,1909f56bfc062723c751e8b465ee728b)
Start importing Assets/Lists Loops/Scripts using Guid(db44ec7902cdb834f8a1b58e913736ee) Importer(815301076,1909f56bfc062723c751e8b465ee728b)  -> (artifact id: '01d0337ca09356ad292bdc17fedf2f70') in 0.036334 seconds
  Import took 0.037855 seconds .

========================================================================
Received Import Request.
  Time since last request: 40.651053 seconds.
  path: Assets/Lists Loops/Scripts/ListsLoopsArgs.cs
  artifactKey: Guid(5bc9648a0e48a8948a22e3198a3ffd81) Importer(815301076,1909f56bfc062723c751e8b465ee728b)
Start importing Assets/Lists Loops/Scripts/ListsLoopsArgs.cs using Guid(5bc9648a0e48a8948a22e3198a3ffd81) Importer(815301076,1909f56bfc062723c751e8b465ee728b)  -> (artifact id: 'fcb3cd797028fee28604ebfcb8036bf6') in 0.044844 seconds
  Import took 0.046373 seconds .

========================================================================
Received Prepare
Registering precompiled user dll's ...
Registered in 0.000374 seconds.
Begin MonoManager ReloadAssembly
Native extension for WindowsStandalone target not found
Refreshing native plugins compatible for Editor in 0.18 ms, found 0 plugins.
Preloading 0 native plugins for Editor in 0.00 ms.
Invoked RoslynAnalysisRunner static constructor.
RoslynAnalysisRunner will not be running.
RoslynAnalysisRunner has terminated.
Mono: successfully reloaded assembly
- Completed reload, in  0.668 seconds
Platform modules already initialized, skipping
Refreshing native plugins compatible for Editor in 0.19 ms, found 0 plugins.
Preloading 0 native plugins for Editor in 0.00 ms.
Unloading 1096 Unused Serialized files (Serialized files now loaded: 0)
System memory in use before: 56.7 MB.
System memory in use after: 56.8 MB.

Unloading 5 unused Assets to reduce memory usage. Loaded Objects now: 1544.
Total: 1.565500 ms (FindLiveObjects: 0.113800 ms CreateObjectMapping: 0.026500 ms MarkObjects: 1.383600 ms  DeleteObjects: 0.040700 ms)

========================================================================
Received Prepare
Registering precompiled user dll's ...
Registered in 0.000413 seconds.
Begin MonoManager ReloadAssembly
Native extension for WindowsStandalone target not found
Refreshing native plugins compatible for Editor in 0.18 ms, found 0 plugins.
Preloading 0 native plugins for Editor in 0.00 ms.
Invoked RoslynAnalysisRunner static constructor.
RoslynAnalysisRunner will not be running.
RoslynAnalysisRunner has terminated.
Mono: successfully reloaded assembly
- Completed reload, in  0.668 seconds
Platform modules already initialized, skipping
Refreshing native plugins compatible for Editor in 0.21 ms, found 0 plugins.
Preloading 0 native plugins for Editor in 0.00 ms.
Unloading 1096 Unused Serialized files (Serialized files now loaded: 0)
System memory in use before: 56.9 MB.
System memory in use after: 57.0 MB.

Unloading 5 unused Assets to reduce memory usage. Loaded Objects now: 1546.
Total: 1.279900 ms (FindLiveObjects: 0.117800 ms CreateObjectMapping: 0.027100 ms MarkObjects: 1.093000 ms  DeleteObjects: 0.041200 ms)

========================================================================
Received Prepare
Registering precompiled user dll's ...
Registered in 0.000461 seconds.
Begin MonoManager ReloadAssembly
Native extension for WindowsStandalone target not found
Refreshing native plugins compatible for Editor in 0.18 ms, found 0 plugins.
Preloading 0 native plugins for Editor in 0.00 ms.
Invoked RoslynAnalysisRunner static constructor.
RoslynAnalysisRunner will not be running.
RoslynAnalysisRunner has terminated.
Mono: successfully reloaded assembly
- Completed reload, in  0.627 seconds
Platform modules already initialized, skipping
Refreshing native plugins compatible for Editor in 0.18 ms, found 0 plugins.
Preloading 0 native plugins for Editor in 0.00 ms.
Unloading 1096 Unused Serialized files (Serialized files now loaded: 0)
System memory in use before: 57.0 MB.
System memory in use after: 57.1 MB.

Unloading 5 unused Assets to reduce memory usage. Loaded Objects now: 1548.
Total: 3.212900 ms (FindLiveObjects: 0.266600 ms CreateObjectMapping: 0.091400 ms MarkObjects: 2.770600 ms  DeleteObjects: 0.082400 ms)

========================================================================
Received Import Request.
  Time since last request: 1372.547939 seconds.
  path: Assets/Lists Loops/Scenes/Cube.prefab
  artifactKey: Guid(b5720e636e04ff2458ad20067b7271b6) Importer(815301076,1909f56bfc062723c751e8b465ee728b)
Start importing Assets/Lists Loops/Scenes/Cube.prefab using Guid(b5720e636e04ff2458ad20067b7271b6) Importer(815301076,1909f56bfc062723c751e8b465ee728b)  -> (artifact id: '3337470cd62476b59e285d23bf173a28') in 0.122464 seconds
  Import took 0.125045 seconds .

========================================================================
Received Import Request.
  Time since last request: 14.052134 seconds.
  path: Assets/Lists Loops/Prefabs
  artifactKey: Guid(ef7c2d743d019b14fa5d8d58c1a88ff7) Importer(815301076,1909f56bfc062723c751e8b465ee728b)
Start importing Assets/Lists Loops/Prefabs using Guid(ef7c2d743d019b14fa5d8d58c1a88ff7) Importer(815301076,1909f56bfc062723c751e8b465ee728b)  -> (artifact id: '15153d36f6f546d40ecaaa8e277055c4') in 0.028652 seconds
  Import took 0.030308 seconds .

========================================================================
Received Import Request.
  Time since last request: 5.179223 seconds.
  path: Assets/Lists Loops/Prefabs/Cube.prefab
  artifactKey: Guid(778680856007c484ab6d834be1b22df5) Importer(815301076,1909f56bfc062723c751e8b465ee728b)
Start importing Assets/Lists Loops/Prefabs/Cube.prefab using Guid(778680856007c484ab6d834be1b22df5) Importer(815301076,1909f56bfc062723c751e8b465ee728b)  -> (artifact id: 'e193f673fd511f240bcdd3f3c2e93de3') in 0.054490 seconds
  Import took 0.057326 seconds .

========================================================================
Received Import Request.
  Time since last request: 15.895809 seconds.
  path: Assets/Lists Loops/Scripts/ListsLoopsArgs.cs
  artifactKey: Guid(5bc9648a0e48a8948a22e3198a3ffd81) Importer(815301076,1909f56bfc062723c751e8b465ee728b)
Start importing Assets/Lists Loops/Scripts/ListsLoopsArgs.cs using Guid(5bc9648a0e48a8948a22e3198a3ffd81) Importer(815301076,1909f56bfc062723c751e8b465ee728b)  -> (artifact id: '432c82c69704e7a43cc68eec035b468d') in 0.030701 seconds
  Import took 0.032258 seconds .

========================================================================
Received Prepare
Registering precompiled user dll's ...
Registered in 0.000473 seconds.
Begin MonoManager ReloadAssembly
Native extension for WindowsStandalone target not found
Refreshing native plugins compatible for Editor in 0.17 ms, found 0 plugins.
Preloading 0 native plugins for Editor in 0.00 ms.
Invoked RoslynAnalysisRunner static constructor.
RoslynAnalysisRunner will not be running.
RoslynAnalysisRunner has terminated.
Mono: successfully reloaded assembly
- Completed reload, in  0.620 seconds
Platform modules already initialized, skipping
Refreshing native plugins compatible for Editor in 0.18 ms, found 0 plugins.
Preloading 0 native plugins for Editor in 0.00 ms.
Unloading 1096 Unused Serialized files (Serialized files now loaded: 0)
System memory in use before: 60.3 MB.
System memory in use after: 60.3 MB.

Unloading 6 unused Assets to reduce memory usage. Loaded Objects now: 1558.
Total: 3.201400 ms (FindLiveObjects: 0.246300 ms CreateObjectMapping: 0.083800 ms MarkObjects: 2.784400 ms  DeleteObjects: 0.085200 ms)

========================================================================
Received Import Request.
  Time since last request: 76.246527 seconds.
  path: Assets/Lists Loops/Prefabs/Cube.prefab
  artifactKey: Guid(778680856007c484ab6d834be1b22df5) Importer(815301076,1909f56bfc062723c751e8b465ee728b)
Start importing Assets/Lists Loops/Prefabs/Cube.prefab using Guid(778680856007c484ab6d834be1b22df5) Importer(815301076,1909f56bfc062723c751e8b465ee728b)  -> (artifact id: '00ebbdf400728a81c4d83eb7be6342e2') in 0.102644 seconds
  Import took 0.107351 seconds .

========================================================================
Received Prepare
Registering precompiled user dll's ...
Registered in 0.000593 seconds.
Begin MonoManager ReloadAssembly
Native extension for WindowsStandalone target not found
Refreshing native plugins compatible for Editor in 0.18 ms, found 0 plugins.
Preloading 0 native plugins for Editor in 0.00 ms.
Invoked RoslynAnalysisRunner static constructor.
RoslynAnalysisRunner will not be running.
RoslynAnalysisRunner has terminated.
Mono: successfully reloaded assembly
- Completed reload, in  0.662 seconds
Platform modules already initialized, skipping
Refreshing native plugins compatible for Editor in 0.18 ms, found 0 plugins.
Preloading 0 native plugins for Editor in 0.00 ms.
Unloading 1096 Unused Serialized files (Serialized files now loaded: 0)
System memory in use before: 60.4 MB.
System memory in use after: 60.5 MB.

Unloading 6 unused Assets to reduce memory usage. Loaded Objects now: 1561.
Total: 1.397400 ms (FindLiveObjects: 0.103200 ms CreateObjectMapping: 0.030900 ms MarkObjects: 1.219800 ms  DeleteObjects: 0.042700 ms)

========================================================================
Received Prepare
Registering precompiled user dll's ...
Registered in 0.000504 seconds.
Begin MonoManager ReloadAssembly
Native extension for WindowsStandalone target not found
Refreshing native plugins compatible for Editor in 0.18 ms, found 0 plugins.
Preloading 0 native plugins for Editor in 0.00 ms.
Invoked RoslynAnalysisRunner static constructor.
RoslynAnalysisRunner will not be running.
RoslynAnalysisRunner has terminated.
Mono: successfully reloaded assembly
- Completed reload, in  0.629 seconds
Platform modules already initialized, skipping
Refreshing native plugins compatible for Editor in 0.23 ms, found 0 plugins.
Preloading 0 native plugins for Editor in 0.00 ms.
Unloading 1096 Unused Serialized files (Serialized files now loaded: 0)
System memory in use before: 60.5 MB.
System memory in use after: 60.6 MB.

Unloading 5 unused Assets to reduce memory usage. Loaded Objects now: 1563.
Total: 4.219900 ms (FindLiveObjects: 0.273700 ms CreateObjectMapping: 0.085700 ms MarkObjects: 3.773600 ms  DeleteObjects: 0.084400 ms)

========================================================================
Received Import Request.
  Time since last request: 141.324264 seconds.
  path: Assets/Lists Loops/Prefabs/Cube.prefab
  artifactKey: Guid(778680856007c484ab6d834be1b22df5) Importer(815301076,1909f56bfc062723c751e8b465ee728b)
Start importing Assets/Lists Loops/Prefabs/Cube.prefab using Guid(778680856007c484ab6d834be1b22df5) Importer(815301076,1909f56bfc062723c751e8b465ee728b)  -> (artifact id: '4b74e80980aa342a5517e8ea562c789a') in 0.124230 seconds
  Import took 0.127334 seconds .

========================================================================
Received Import Request.
  Time since last request: 29.287959 seconds.
  path: Assets/Lists Loops/Prefabs/Cube.prefab
  artifactKey: Guid(778680856007c484ab6d834be1b22df5) Importer(815301076,1909f56bfc062723c751e8b465ee728b)
Start importing Assets/Lists Loops/Prefabs/Cube.prefab using Guid(778680856007c484ab6d834be1b22df5) Importer(815301076,1909f56bfc062723c751e8b465ee728b)  -> (artifact id: 'bc8ee78c0c9f9226814e3644e43b4674') in 0.103419 seconds
  Import took 0.105352 seconds .

========================================================================
Received Import Request.
  Time since last request: 4.560792 seconds.
  path: Assets/Lists Loops/Prefabs/Cube.prefab
  artifactKey: Guid(778680856007c484ab6d834be1b22df5) Importer(815301076,1909f56bfc062723c751e8b465ee728b)
Start importing Assets/Lists Loops/Prefabs/Cube.prefab using Guid(778680856007c484ab6d834be1b22df5) Importer(815301076,1909f56bfc062723c751e8b465ee728b)  -> (artifact id: 'e81687427af859a0b167b4593f40c4dd') in 0.097615 seconds
  Import took 0.099375 seconds .

========================================================================
Received Import Request.
  Time since last request: 7.897384 seconds.
  path: Assets/Lists Loops/Prefabs/Cube.prefab
  artifactKey: Guid(778680856007c484ab6d834be1b22df5) Importer(815301076,1909f56bfc062723c751e8b465ee728b)
Start importing Assets/Lists Loops/Prefabs/Cube.prefab using Guid(778680856007c484ab6d834be1b22df5) Importer(815301076,1909f56bfc062723c751e8b465ee728b)  -> (artifact id: '4d3a01c4d6fd236e6805c48b0af112d9') in 0.111603 seconds
  Import took 0.113551 seconds .

========================================================================
Received Import Request.
  Time since last request: 3.692487 seconds.
  path: Assets/Lists Loops/Prefabs/Cube.prefab
  artifactKey: Guid(778680856007c484ab6d834be1b22df5) Importer(815301076,1909f56bfc062723c751e8b465ee728b)
Start importing Assets/Lists Loops/Prefabs/Cube.prefab using Guid(778680856007c484ab6d834be1b22df5) Importer(815301076,1909f56bfc062723c751e8b465ee728b)  -> (artifact id: '94756bb06fede5d585754e322e1ea12d') in 0.096733 seconds
  Import took 0.098716 seconds .

========================================================================
Received Import Request.
  Time since last request: 15.105417 seconds.
  path: Assets/Lists Loops/Prefabs/Cube.prefab
  artifactKey: Guid(778680856007c484ab6d834be1b22df5) Importer(815301076,1909f56bfc062723c751e8b465ee728b)
Start importing Assets/Lists Loops/Prefabs/Cube.prefab using Guid(778680856007c484ab6d834be1b22df5) Importer(815301076,1909f56bfc062723c751e8b465ee728b)  -> (artifact id: '77514081bb6c4a07e66bfb0c685eb8ab') in 0.085139 seconds
  Import took 0.086940 seconds .

========================================================================
Received Import Request.
  Time since last request: 5.519316 seconds.
  path: Assets/Lists Loops/Prefabs/Cube.prefab
  artifactKey: Guid(778680856007c484ab6d834be1b22df5) Importer(815301076,1909f56bfc062723c751e8b465ee728b)
Start importing Assets/Lists Loops/Prefabs/Cube.prefab using Guid(778680856007c484ab6d834be1b22df5) Importer(815301076,1909f56bfc062723c751e8b465ee728b)  -> (artifact id: '412a9be8d29853da0b9c997c1a04f49b') in 0.104504 seconds
  Import took 0.106289 seconds .

========================================================================
Received Import Request.
  Time since last request: 12.766930 seconds.
  path: Assets/Lists Loops/Prefabs/Cube.prefab
  artifactKey: Guid(778680856007c484ab6d834be1b22df5) Importer(815301076,1909f56bfc062723c751e8b465ee728b)
Start importing Assets/Lists Loops/Prefabs/Cube.prefab using Guid(778680856007c484ab6d834be1b22df5) Importer(815301076,1909f56bfc062723c751e8b465ee728b)  -> (artifact id: '4284e366fabe6c1362cfb94c3be2d451') in 0.083233 seconds
  Import took 0.084995 seconds .

========================================================================
Received Import Request.
  Time since last request: 5.510965 seconds.
  path: Assets/Lists Loops/Prefabs/Cube.prefab
  artifactKey: Guid(778680856007c484ab6d834be1b22df5) Importer(815301076,1909f56bfc062723c751e8b465ee728b)
Start importing Assets/Lists Loops/Prefabs/Cube.prefab using Guid(778680856007c484ab6d834be1b22df5) Importer(815301076,1909f56bfc062723c751e8b465ee728b)  -> (artifact id: 'a5dac373175d29ee048ce4b73638d2e1') in 0.181267 seconds
  Import took 0.183967 seconds .

========================================================================
Received Import Request.
  Time since last request: 8.076954 seconds.
  path: Assets/Lists Loops/Prefabs/Cube.prefab
  artifactKey: Guid(778680856007c484ab6d834be1b22df5) Importer(815301076,1909f56bfc062723c751e8b465ee728b)
Start importing Assets/Lists Loops/Prefabs/Cube.prefab using Guid(778680856007c484ab6d834be1b22df5) Importer(815301076,1909f56bfc062723c751e8b465ee728b)  -> (artifact id: '5739658fd88de4621f9d924dd7d76f3e') in 0.082775 seconds
  Import took 0.084525 seconds .

========================================================================
Received Import Request.
  Time since last request: 20.679541 seconds.
  path: Assets/Lists Loops/Prefabs/Cube.prefab
  artifactKey: Guid(778680856007c484ab6d834be1b22df5) Importer(815301076,1909f56bfc062723c751e8b465ee728b)
Start importing Assets/Lists Loops/Prefabs/Cube.prefab using Guid(778680856007c484ab6d834be1b22df5) Importer(815301076,1909f56bfc062723c751e8b465ee728b)  -> (artifact id: '388b20e5c0ca15a8989054015951c8b4') in 0.115451 seconds
  Import took 0.117229 seconds .

========================================================================
Received Import Request.
  Time since last request: 2.011525 seconds.
  path: Assets/Lists Loops/Prefabs/Cube.prefab
  artifactKey: Guid(778680856007c484ab6d834be1b22df5) Importer(815301076,1909f56bfc062723c751e8b465ee728b)
Start importing Assets/Lists Loops/Prefabs/Cube.prefab using Guid(778680856007c484ab6d834be1b22df5) Importer(815301076,1909f56bfc062723c751e8b465ee728b)  -> (artifact id: 'a40b68d86cfdf81233c848ad5c06258f') in 0.214125 seconds
  Import took 0.216116 seconds .

========================================================================
Received Import Request.
  Time since last request: 5.995430 seconds.
  path: Assets/Lists Loops/Prefabs/Cube.prefab
  artifactKey: Guid(778680856007c484ab6d834be1b22df5) Importer(815301076,1909f56bfc062723c751e8b465ee728b)
Start importing Assets/Lists Loops/Prefabs/Cube.prefab using Guid(778680856007c484ab6d834be1b22df5) Importer(815301076,1909f56bfc062723c751e8b465ee728b)  -> (artifact id: 'bc23472a85eb7067b60a3643a43106b4') in 0.257253 seconds
  Import took 0.259569 seconds .

========================================================================
Received Import Request.
  Time since last request: 3.812127 seconds.
  path: Assets/Lists Loops/Prefabs/Cube.prefab
  artifactKey: Guid(778680856007c484ab6d834be1b22df5) Importer(815301076,1909f56bfc062723c751e8b465ee728b)
Start importing Assets/Lists Loops/Prefabs/Cube.prefab using Guid(778680856007c484ab6d834be1b22df5) Importer(815301076,1909f56bfc062723c751e8b465ee728b)  -> (artifact id: '0c021bc0431995c9b886f1270461433f') in 0.090344 seconds
  Import took 0.092063 seconds .

========================================================================
Received Import Request.
  Time since last request: 3.996216 seconds.
  path: Assets/Lists Loops/Prefabs/Cube.prefab
  artifactKey: Guid(778680856007c484ab6d834be1b22df5) Importer(815301076,1909f56bfc062723c751e8b465ee728b)
Start importing Assets/Lists Loops/Prefabs/Cube.prefab using Guid(778680856007c484ab6d834be1b22df5) Importer(815301076,1909f56bfc062723c751e8b465ee728b)  -> (artifact id: 'b32e5b2088d1342779cd26fa906917dd') in 0.158942 seconds
  Import took 0.160730 seconds .

========================================================================
Received Import Request.
  Time since last request: 5.181147 seconds.
  path: Assets/Lists Loops/Prefabs/Cube.prefab
  artifactKey: Guid(778680856007c484ab6d834be1b22df5) Importer(815301076,1909f56bfc062723c751e8b465ee728b)
Start importing Assets/Lists Loops/Prefabs/Cube.prefab using Guid(778680856007c484ab6d834be1b22df5) Importer(815301076,1909f56bfc062723c751e8b465ee728b)  -> (artifact id: '50d8082ca9630c5c72aacc356b5a2e01') in 0.087913 seconds
  Import took 0.089715 seconds .

========================================================================
Received Import Request.
  Time since last request: 13.804632 seconds.
  path: Assets/Lists Loops/Prefabs/Cube.prefab
  artifactKey: Guid(778680856007c484ab6d834be1b22df5) Importer(815301076,1909f56bfc062723c751e8b465ee728b)
Start importing Assets/Lists Loops/Prefabs/Cube.prefab using Guid(778680856007c484ab6d834be1b22df5) Importer(815301076,1909f56bfc062723c751e8b465ee728b)  -> (artifact id: '69d094a25f0ca6fdb0a26f856d87622e') in 0.100166 seconds
  Import took 0.101977 seconds .

========================================================================
Received Import Request.
  Time since last request: 2.743939 seconds.
  path: Assets/Lists Loops/Prefabs/Cube.prefab
  artifactKey: Guid(778680856007c484ab6d834be1b22df5) Importer(815301076,1909f56bfc062723c751e8b465ee728b)
Start importing Assets/Lists Loops/Prefabs/Cube.prefab using Guid(778680856007c484ab6d834be1b22df5) Importer(815301076,1909f56bfc062723c751e8b465ee728b)  -> (artifact id: 'ce77e72ff29cf97d98ab2f2ea8905ce9') in 0.079296 seconds
  Import took 0.081052 seconds .

========================================================================
Received Import Request.
  Time since last request: 3.221888 seconds.
  path: Assets/Lists Loops/Prefabs/Cube.prefab
  artifactKey: Guid(778680856007c484ab6d834be1b22df5) Importer(815301076,1909f56bfc062723c751e8b465ee728b)
Start importing Assets/Lists Loops/Prefabs/Cube.prefab using Guid(778680856007c484ab6d834be1b22df5) Importer(815301076,1909f56bfc062723c751e8b465ee728b)  -> (artifact id: 'f09d6092b3c177dbebef2a09b89220a4') in 0.097849 seconds
  Import took 0.099662 seconds .

========================================================================
Received Import Request.
  Time since last request: 7.126337 seconds.
  path: Assets/Lists Loops/Prefabs/Cube.prefab
  artifactKey: Guid(778680856007c484ab6d834be1b22df5) Importer(815301076,1909f56bfc062723c751e8b465ee728b)
Start importing Assets/Lists Loops/Prefabs/Cube.prefab using Guid(778680856007c484ab6d834be1b22df5) Importer(815301076,1909f56bfc062723c751e8b465ee728b)  -> (artifact id: '191ce3dc228db9de841abe8ed677b705') in 0.248297 seconds
  Import took 0.250051 seconds .

========================================================================
Received Import Request.
  Time since last request: 6.468131 seconds.
  path: Assets/Lists Loops/Prefabs/Cube.prefab
  artifactKey: Guid(778680856007c484ab6d834be1b22df5) Importer(815301076,1909f56bfc062723c751e8b465ee728b)
Start importing Assets/Lists Loops/Prefabs/Cube.prefab using Guid(778680856007c484ab6d834be1b22df5) Importer(815301076,1909f56bfc062723c751e8b465ee728b)  -> (artifact id: '67fa76e066ef26a7bd6e92feb1e51b3c') in 0.100403 seconds
  Import took 0.102315 seconds .

========================================================================
Received Import Request.
  Time since last request: 6.017188 seconds.
  path: Assets/Lists Loops/Prefabs/Cube.prefab
  artifactKey: Guid(778680856007c484ab6d834be1b22df5) Importer(815301076,1909f56bfc062723c751e8b465ee728b)
Start importing Assets/Lists Loops/Prefabs/Cube.prefab using Guid(778680856007c484ab6d834be1b22df5) Importer(815301076,1909f56bfc062723c751e8b465ee728b)  -> (artifact id: 'f5eb87cd4bcd1365d9628627dac826de') in 0.083962 seconds
  Import took 0.085701 seconds .

========================================================================
Received Import Request.
  Time since last request: 12.447316 seconds.
  path: Assets/Lists Loops/Scripts/TextController.cs
  artifactKey: Guid(e25afcf344315bb4aa8e9679108dfab3) Importer(815301076,1909f56bfc062723c751e8b465ee728b)
Start importing Assets/Lists Loops/Scripts/TextController.cs using Guid(e25afcf344315bb4aa8e9679108dfab3) Importer(815301076,1909f56bfc062723c751e8b465ee728b)  -> (artifact id: 'eb5405a7cc335f7ee06c5cb1dcb4735e') in 0.035371 seconds
  Import took 0.036965 seconds .

========================================================================
Received Prepare
Registering precompiled user dll's ...
Registered in 0.000400 seconds.
Begin MonoManager ReloadAssembly
Native extension for WindowsStandalone target not found
Refreshing native plugins compatible for Editor in 0.18 ms, found 0 plugins.
Preloading 0 native plugins for Editor in 0.00 ms.
Invoked RoslynAnalysisRunner static constructor.
RoslynAnalysisRunner will not be running.
RoslynAnalysisRunner has terminated.
Mono: successfully reloaded assembly
- Completed reload, in  0.647 seconds
Platform modules already initialized, skipping
Refreshing native plugins compatible for Editor in 0.18 ms, found 0 plugins.
Preloading 0 native plugins for Editor in 0.00 ms.
Unloading 1110 Unused Serialized files (Serialized files now loaded: 0)
System memory in use before: 62.7 MB.
System memory in use after: 62.2 MB.

Unloading 19 unused Assets to reduce memory usage. Loaded Objects now: 1567.
Total: 1.652600 ms (FindLiveObjects: 0.126500 ms CreateObjectMapping: 0.029900 ms MarkObjects: 1.243900 ms  DeleteObjects: 0.251700 ms)

========================================================================
Received Import Request.
  Time since last request: 1244.640214 seconds.
  path: Assets/Lists Loops/Scripts/ListsLoopsArgs.cs
  artifactKey: Guid(5bc9648a0e48a8948a22e3198a3ffd81) Importer(815301076,1909f56bfc062723c751e8b465ee728b)
Start importing Assets/Lists Loops/Scripts/ListsLoopsArgs.cs using Guid(5bc9648a0e48a8948a22e3198a3ffd81) Importer(815301076,1909f56bfc062723c751e8b465ee728b)  -> (artifact id: '2e506e6c8915c81f9037a7a979a525b1') in 0.053523 seconds
  Import took 0.055819 seconds .

========================================================================
Received Prepare
Registering precompiled user dll's ...
Registered in 0.000403 seconds.
Begin MonoManager ReloadAssembly
Native extension for WindowsStandalone target not found
Refreshing native plugins compatible for Editor in 0.28 ms, found 0 plugins.
Preloading 0 native plugins for Editor in 0.00 ms.
Invoked RoslynAnalysisRunner static constructor.
RoslynAnalysisRunner will not be running.
RoslynAnalysisRunner has terminated.
Mono: successfully reloaded assembly
- Completed reload, in  0.643 seconds
Platform modules already initialized, skipping
Refreshing native plugins compatible for Editor in 0.19 ms, found 0 plugins.
Preloading 0 native plugins for Editor in 0.00 ms.
Unloading 1110 Unused Serialized files (Serialized files now loaded: 0)
System memory in use before: 62.8 MB.
System memory in use after: 62.3 MB.

Unloading 18 unused Assets to reduce memory usage. Loaded Objects now: 1569.
Total: 3.107800 ms (FindLiveObjects: 0.225700 ms CreateObjectMapping: 0.064900 ms MarkObjects: 2.325800 ms  DeleteObjects: 0.489900 ms)

========================================================================
Received Import Request.
  Time since last request: 99.131661 seconds.
  path: Assets/Lists Loops/Prefabs/Cube.prefab
  artifactKey: Guid(778680856007c484ab6d834be1b22df5) Importer(815301076,1909f56bfc062723c751e8b465ee728b)
Start importing Assets/Lists Loops/Prefabs/Cube.prefab using Guid(778680856007c484ab6d834be1b22df5) Importer(815301076,1909f56bfc062723c751e8b465ee728b)  -> (artifact id: '51cbab64ccfae50aa47f10a21947286e') in 0.170853 seconds
  Import took 0.172772 seconds .

========================================================================
Received Prepare
Registering precompiled user dll's ...
Registered in 0.000494 seconds.
Begin MonoManager ReloadAssembly
Native extension for WindowsStandalone target not found
Refreshing native plugins compatible for Editor in 0.18 ms, found 0 plugins.
Preloading 0 native plugins for Editor in 0.00 ms.
Invoked RoslynAnalysisRunner static constructor.
RoslynAnalysisRunner will not be running.
RoslynAnalysisRunner has terminated.
Mono: successfully reloaded assembly
- Completed reload, in  0.625 seconds
Platform modules already initialized, skipping
Refreshing native plugins compatible for Editor in 0.30 ms, found 0 plugins.
Preloading 0 native plugins for Editor in 0.00 ms.
Unloading 1110 Unused Serialized files (Serialized files now loaded: 0)
System memory in use before: 62.9 MB.
System memory in use after: 62.4 MB.

Unloading 19 unused Assets to reduce memory usage. Loaded Objects now: 1572.
Total: 1.647800 ms (FindLiveObjects: 0.110700 ms CreateObjectMapping: 0.030000 ms MarkObjects: 1.231300 ms  DeleteObjects: 0.275100 ms)

========================================================================
Received Prepare
Registering precompiled user dll's ...
Registered in 0.000423 seconds.
Begin MonoManager ReloadAssembly
Native extension for WindowsStandalone target not found
Refreshing native plugins compatible for Editor in 0.18 ms, found 0 plugins.
Preloading 0 native plugins for Editor in 0.00 ms.
Invoked RoslynAnalysisRunner static constructor.
RoslynAnalysisRunner will not be running.
RoslynAnalysisRunner has terminated.
Mono: successfully reloaded assembly
- Completed reload, in  0.660 seconds
Platform modules already initialized, skipping
Refreshing native plugins compatible for Editor in 0.20 ms, found 0 plugins.
Preloading 0 native plugins for Editor in 0.00 ms.
Unloading 1110 Unused Serialized files (Serialized files now loaded: 0)
System memory in use before: 63.0 MB.
System memory in use after: 62.5 MB.

Unloading 18 unused Assets to reduce memory usage. Loaded Objects now: 1574.
Total: 1.905400 ms (FindLiveObjects: 0.129800 ms CreateObjectMapping: 0.030400 ms MarkObjects: 1.448600 ms  DeleteObjects: 0.295600 ms)

========================================================================
Received Prepare
Registering precompiled user dll's ...
Registered in 0.000416 seconds.
Begin MonoManager ReloadAssembly
Native extension for WindowsStandalone target not found
Refreshing native plugins compatible for Editor in 0.18 ms, found 0 plugins.
Preloading 0 native plugins for Editor in 0.00 ms.
Invoked RoslynAnalysisRunner static constructor.
RoslynAnalysisRunner will not be running.
RoslynAnalysisRunner has terminated.
Mono: successfully reloaded assembly
- Completed reload, in  0.651 seconds
Platform modules already initialized, skipping
Refreshing native plugins compatible for Editor in 0.34 ms, found 0 plugins.
Preloading 0 native plugins for Editor in 0.00 ms.
Unloading 1110 Unused Serialized files (Serialized files now loaded: 0)
System memory in use before: 63.1 MB.
System memory in use after: 62.6 MB.

Unloading 18 unused Assets to reduce memory usage. Loaded Objects now: 1576.
Total: 1.774200 ms (FindLiveObjects: 0.121600 ms CreateObjectMapping: 0.032200 ms MarkObjects: 1.337800 ms  DeleteObjects: 0.281900 ms)

========================================================================
Received Prepare
Registering precompiled user dll's ...
Registered in 0.000597 seconds.
Begin MonoManager ReloadAssembly
Native extension for WindowsStandalone target not found
Refreshing native plugins compatible for Editor in 0.22 ms, found 0 plugins.
Preloading 0 native plugins for Editor in 0.00 ms.
Invoked RoslynAnalysisRunner static constructor.
RoslynAnalysisRunner will not be running.
RoslynAnalysisRunner has terminated.
Mono: successfully reloaded assembly
- Completed reload, in  0.740 seconds
Platform modules already initialized, skipping
Refreshing native plugins compatible for Editor in 0.19 ms, found 0 plugins.
Preloading 0 native plugins for Editor in 0.00 ms.
Unloading 1110 Unused Serialized files (Serialized files now loaded: 0)
System memory in use before: 63.3 MB.
System memory in use after: 62.8 MB.

Unloading 18 unused Assets to reduce memory usage. Loaded Objects now: 1578.
Total: 1.764200 ms (FindLiveObjects: 0.123100 ms CreateObjectMapping: 0.032000 ms MarkObjects: 1.316800 ms  DeleteObjects: 0.291500 ms)

========================================================================
Received Prepare
Registering precompiled user dll's ...
Registered in 0.000425 seconds.
Begin MonoManager ReloadAssembly
Native extension for WindowsStandalone target not found
Refreshing native plugins compatible for Editor in 0.18 ms, found 0 plugins.
Preloading 0 native plugins for Editor in 0.00 ms.
Invoked RoslynAnalysisRunner static constructor.
RoslynAnalysisRunner will not be running.
RoslynAnalysisRunner has terminated.
Mono: successfully reloaded assembly
- Completed reload, in  0.652 seconds
Platform modules already initialized, skipping
Refreshing native plugins compatible for Editor in 0.18 ms, found 0 plugins.
Preloading 0 native plugins for Editor in 0.00 ms.
Unloading 1110 Unused Serialized files (Serialized files now loaded: 0)
System memory in use before: 63.4 MB.
System memory in use after: 62.9 MB.

Unloading 18 unused Assets to reduce memory usage. Loaded Objects now: 1580.
Total: 3.833100 ms (FindLiveObjects: 0.233100 ms CreateObjectMapping: 0.070000 ms MarkObjects: 2.931100 ms  DeleteObjects: 0.597100 ms)

========================================================================
Received Prepare
Registering precompiled user dll's ...
Registered in 0.000655 seconds.
Begin MonoManager ReloadAssembly
Native extension for WindowsStandalone target not found
Refreshing native plugins compatible for Editor in 0.18 ms, found 0 plugins.
Preloading 0 native plugins for Editor in 0.00 ms.
Invoked RoslynAnalysisRunner static constructor.
RoslynAnalysisRunner will not be running.
RoslynAnalysisRunner has terminated.
Mono: successfully reloaded assembly
- Completed reload, in  0.632 seconds
Platform modules already initialized, skipping
Refreshing native plugins compatible for Editor in 0.24 ms, found 0 plugins.
Preloading 0 native plugins for Editor in 0.00 ms.
Unloading 1110 Unused Serialized files (Serialized files now loaded: 0)
System memory in use before: 63.5 MB.
System memory in use after: 63.0 MB.

Unloading 18 unused Assets to reduce memory usage. Loaded Objects now: 1582.
Total: 3.349300 ms (FindLiveObjects: 0.210400 ms CreateObjectMapping: 0.067100 ms MarkObjects: 2.557000 ms  DeleteObjects: 0.513100 ms)

========================================================================
Received Prepare
Registering precompiled user dll's ...
Registered in 0.018819 seconds.
Begin MonoManager ReloadAssembly
Native extension for WindowsStandalone target not found
Refreshing native plugins compatible for Editor in 0.18 ms, found 0 plugins.
Preloading 0 native plugins for Editor in 0.00 ms.
Invoked RoslynAnalysisRunner static constructor.
RoslynAnalysisRunner will not be running.
RoslynAnalysisRunner has terminated.
Mono: successfully reloaded assembly
- Completed reload, in  0.807 seconds
Platform modules already initialized, skipping
Refreshing native plugins compatible for Editor in 0.27 ms, found 0 plugins.
Preloading 0 native plugins for Editor in 0.00 ms.
Unloading 1110 Unused Serialized files (Serialized files now loaded: 0)
System memory in use before: 63.6 MB.
System memory in use after: 63.1 MB.

Unloading 18 unused Assets to reduce memory usage. Loaded Objects now: 1584.
Total: 1.786500 ms (FindLiveObjects: 0.129600 ms CreateObjectMapping: 0.029100 ms MarkObjects: 1.339300 ms  DeleteObjects: 0.287800 ms)

========================================================================
Received Prepare
Registering precompiled user dll's ...
Registered in 0.000506 seconds.
Begin MonoManager ReloadAssembly
Native extension for WindowsStandalone target not found
Refreshing native plugins compatible for Editor in 0.18 ms, found 0 plugins.
Preloading 0 native plugins for Editor in 0.00 ms.
Invoked RoslynAnalysisRunner static constructor.
RoslynAnalysisRunner will not be running.
RoslynAnalysisRunner has terminated.
Mono: successfully reloaded assembly
- Completed reload, in  0.631 seconds
Platform modules already initialized, skipping
Refreshing native plugins compatible for Editor in 0.23 ms, found 0 plugins.
Preloading 0 native plugins for Editor in 0.00 ms.
Unloading 1110 Unused Serialized files (Serialized files now loaded: 0)
System memory in use before: 63.7 MB.
System memory in use after: 63.2 MB.

Unloading 18 unused Assets to reduce memory usage. Loaded Objects now: 1586.
Total: 1.788200 ms (FindLiveObjects: 0.114500 ms CreateObjectMapping: 0.032000 ms MarkObjects: 1.365900 ms  DeleteObjects: 0.275100 ms)

========================================================================
Received Import Request.
  Time since last request: 1830.711865 seconds.
  path: Assets/Lists Loops/Prefabs/Cube.prefab
  artifactKey: Guid(778680856007c484ab6d834be1b22df5) Importer(815301076,1909f56bfc062723c751e8b465ee728b)
Start importing Assets/Lists Loops/Prefabs/Cube.prefab using Guid(778680856007c484ab6d834be1b22df5) Importer(815301076,1909f56bfc062723c751e8b465ee728b)  -> (artifact id: '2123ab86d790dd287962d8c0de263143') in 0.141176 seconds
  Import took 0.143045 seconds .

========================================================================
Received Prepare
Registering precompiled user dll's ...
Registered in 0.000562 seconds.
Begin MonoManager ReloadAssembly
Native extension for WindowsStandalone target not found
Refreshing native plugins compatible for Editor in 0.19 ms, found 0 plugins.
Preloading 0 native plugins for Editor in 0.00 ms.
Invoked RoslynAnalysisRunner static constructor.
RoslynAnalysisRunner will not be running.
RoslynAnalysisRunner has terminated.
Mono: successfully reloaded assembly
- Completed reload, in  0.624 seconds
Platform modules already initialized, skipping
Refreshing native plugins compatible for Editor in 0.20 ms, found 0 plugins.
Preloading 0 native plugins for Editor in 0.00 ms.
Unloading 1110 Unused Serialized files (Serialized files now loaded: 0)
System memory in use before: 63.8 MB.
System memory in use after: 63.3 MB.

Unloading 19 unused Assets to reduce memory usage. Loaded Objects now: 1589.
Total: 1.509400 ms (FindLiveObjects: 0.133900 ms CreateObjectMapping: 0.032900 ms MarkObjects: 1.060800 ms  DeleteObjects: 0.281100 ms)

AssetImportWorkerClient::OnTransportError - code=2 error=End of file
